<?xml version="1.0" encoding="utf-8"?><testsuites name="pytest tests"><testsuite name="pytest" errors="0" failures="0" skipped="0" tests="86" time="1.941" timestamp="2025-11-29T12:41:45.501895+01:00" hostname="ahmed"><testcase classname="tests.test_books_edge_cases" name="test_book_review_creation" time="0.397" /><testcase classname="tests.test_books_edge_cases" name="test_book_review_unique_constraint" time="0.003" /><testcase classname="tests.test_books_edge_cases" name="test_book_review_rating_validation" time="0.005" /><testcase classname="tests.test_books_edge_cases" name="test_book_review_rating_minimum_validation" time="0.003" /><testcase classname="tests.test_books_edge_cases" name="test_book_isbn_uniqueness" time="0.007" /><testcase classname="tests.test_books_edge_cases" name="test_increment_copies_multiple_times" time="0.005" /><testcase classname="tests.test_books_edge_cases" name="test_book_with_zero_pages_validation" time="0.009" /><testcase classname="tests.test_books_edge_cases" name="test_book_with_negative_copies_validation" time="0.004" /><testcase classname="tests.test_books_edge_cases" name="test_book_str_method" time="0.003" /><testcase classname="tests.test_books_edge_cases" name="test_book_ordering" time="0.009" /><testcase classname="tests.test_books_edge_cases" name="test_return_copy_beyond_total_copies" time="0.004" /><testcase classname="tests.test_books_edge_cases" name="test_decrement_copies_updates_is_available_flag" time="0.010" /><testcase classname="tests.test_books_edge_cases" name="test_book_with_empty_cover_url" time="0.003" /><testcase classname="tests.test_books_edge_cases" name="test_book_with_blank_description" time="0.009" /><testcase classname="tests.test_books_edge_cases" name="test_valid_book_categories[FICTION]" time="0.005" /><testcase classname="tests.test_books_edge_cases" name="test_valid_book_categories[NON_FICTION]" time="0.012" /><testcase classname="tests.test_books_edge_cases" name="test_valid_book_categories[SCIENCE]" time="0.016" /><testcase classname="tests.test_books_edge_cases" name="test_valid_book_categories[TECHNOLOGY]" time="0.010" /><testcase classname="tests.test_books_edge_cases" name="test_valid_book_categories[HISTORY]" time="0.006" /><testcase classname="tests.test_books_edge_cases" name="test_valid_book_categories[BIOGRAPHY]" time="0.011" /><testcase classname="tests.test_books_edge_cases" name="test_valid_book_categories[CHILDREN]" time="0.006" /><testcase classname="tests.test_books_edge_cases" name="test_valid_book_categories[EDUCATION]" time="0.010" /><testcase classname="tests.test_books_edge_cases" name="test_valid_book_categories[POETRY]" time="0.010" /><testcase classname="tests.test_books_edge_cases" name="test_valid_book_categories[OTHER]" time="0.009" /><testcase classname="tests.test_books_edge_cases" name="test_invalid_book_category" time="0.011" /><testcase classname="tests.test_books_edge_cases" name="test_book_average_rating_precision" time="0.010" /><testcase classname="tests.test_books_edge_cases" name="test_book_long_isbn" time="0.013" /><testcase classname="tests.test_books_edge_cases" name="test_availability_status_boundary_conditions" time="0.008" /><testcase classname="tests.test_books_model" name="test_check_availability_reflects_stock" time="0.004" /><testcase classname="tests.test_books_model" name="test_decrement_copies_reduces_stock" time="0.005" /><testcase classname="tests.test_books_model" name="test_decrement_copies_fails_when_none_available" time="0.006" /><testcase classname="tests.test_books_model" name="test_return_copy_increases_available" time="0.008" /><testcase classname="tests.test_books_model" name="test_return_copy_at_capacity" time="0.007" /><testcase classname="tests.test_books_model" name="test_get_availability_status_matches_message[0-Non disponible]" time="0.005" /><testcase classname="tests.test_books_model" name="test_get_availability_status_matches_message[2-Peu disponible]" time="0.005" /><testcase classname="tests.test_books_model" name="test_get_availability_status_matches_message[5-Disponible]" time="0.005" /><testcase classname="tests.test_books_reviews_and_copies" name="test_borrow_book_not_found" time="0.038" /><testcase classname="tests.test_books_reviews_and_copies" name="test_borrow_book_no_copies" time="0.006" /><testcase classname="tests.test_books_reviews_and_copies" name="test_borrow_book_success" time="0.014" /><testcase classname="tests.test_books_reviews_and_copies" name="test_return_book_not_found" time="0.009" /><testcase classname="tests.test_books_reviews_and_copies" name="test_return_book_at_capacity" time="0.007" /><testcase classname="tests.test_books_reviews_and_copies" name="test_return_book_success" time="0.008" /><testcase classname="tests.test_books_reviews_and_copies" name="test_create_and_get_reviews" time="0.015" /><testcase classname="tests.test_books_reviews_and_copies" name="test_create_review_invalid_rating" time="0.009" /><testcase classname="tests.test_books_reviews_and_copies" name="test_search_min_rating_invalid" time="0.006" /><testcase classname="tests.test_books_reviews_and_copies" name="test_search_min_rating_filters" time="0.011" /><testcase classname="tests.test_books_reviews_and_copies" name="test_partial_update_book_success" time="0.012" /><testcase classname="tests.test_books_serializer" name="test_book_serializer_outputs_all_fields" time="0.006" /><testcase classname="tests.test_books_serializer" name="test_book_serializer_requires_fields" time="0.007" /><testcase classname="tests.test_books_views" name="test_list_books_returns_paginated_results" time="0.009" /><testcase classname="tests.test_books_views" name="test_get_book_not_found" time="0.006" /><testcase classname="tests.test_books_views" name="test_get_book_returns_payload" time="0.008" /><testcase classname="tests.test_books_views" name="test_create_book_creates_record" time="0.007" /><testcase classname="tests.test_books_views" name="test_update_book_mutates_record" time="0.013" /><testcase classname="tests.test_books_views" name="test_delete_book_removes_record" time="0.007" /><testcase classname="tests.test_books_views" name="test_search_books_requires_query" time="0.007" /><testcase classname="tests.test_books_views" name="test_search_books_filters_results" time="0.010" /><testcase classname="tests.test_books_views_advanced" name="test_list_books_pagination_page_size" time="0.012" /><testcase classname="tests.test_books_views_advanced" name="test_list_books_pagination_second_page" time="0.011" /><testcase classname="tests.test_books_views_advanced" name="test_list_books_empty_database" time="0.007" /><testcase classname="tests.test_books_views_advanced" name="test_search_books_by_title" time="0.010" /><testcase classname="tests.test_books_views_advanced" name="test_search_books_by_author" time="0.012" /><testcase classname="tests.test_books_views_advanced" name="test_search_books_by_isbn" time="0.010" /><testcase classname="tests.test_books_views_advanced" name="test_search_books_case_insensitive" time="0.012" /><testcase classname="tests.test_books_views_advanced" name="test_search_books_no_results" time="0.009" /><testcase classname="tests.test_books_views_advanced" name="test_search_books_empty_query" time="0.007" /><testcase classname="tests.test_books_views_advanced" name="test_search_books_whitespace_query" time="0.005" /><testcase classname="tests.test_books_views_advanced" name="test_create_book_missing_required_fields" time="0.008" /><testcase classname="tests.test_books_views_advanced" name="test_create_book_invalid_isbn_format" time="0.008" /><testcase classname="tests.test_books_views_advanced" name="test_create_book_duplicate_isbn" time="0.008" /><testcase classname="tests.test_books_views_advanced" name="test_update_book_partial_update_not_supported" time="0.011" /><testcase classname="tests.test_books_views_advanced" name="test_update_nonexistent_book" time="0.006" /><testcase classname="tests.test_books_views_advanced" name="test_delete_nonexistent_book" time="0.006" /><testcase classname="tests.test_books_views_advanced" name="test_create_book_sql_injection_attempt" time="0.009" /><testcase classname="tests.test_books_views_advanced" name="test_search_books_xss_attempt" time="0.012" /><testcase classname="tests.test_books_views_advanced" name="test_list_books_with_invalid_page_number" time="0.009" /><testcase classname="tests.test_books_views_advanced" name="test_get_book_with_string_id" time="0.035" /><testcase classname="tests.test_books_views_advanced" name="test_create_book_with_very_long_fields" time="0.007" /><testcase classname="tests.test_books_views_advanced" name="test_create_book_with_future_publication_year" time="0.006" /><testcase classname="tests.test_basic" name="test_basic" time="0.002" /><testcase classname="tests.test_books_urls" name="test_api_books_list_url_resolves" time="0.002" /><testcase classname="tests.test_books_urls" name="test_api_books_detail_url_resolves" time="0.002" /><testcase classname="tests.test_books_urls" name="test_api_books_create_url_resolves" time="0.002" /><testcase classname="tests.test_books_urls" name="test_api_books_update_url_resolves" time="0.002" /><testcase classname="tests.test_books_urls" name="test_api_books_delete_url_resolves" time="0.002" /><testcase classname="tests.test_books_urls" name="test_api_search_url_resolves" time="0.018" /></testsuite></testsuites>